This is pdfTeX, Version 3.141592653-2.6-1.40.24 (MiKTeX 23.1) (preloaded format=pdflatex 2023.4.10)  1 APR 2024 16:33
entering extended mode
 restricted \write18 enabled.
 %&-line parsing enabled.
**C:/Users/barre/Documents/UPC/GIA/Q3/MEstadistica/spotify/PMAAD/Latex/0_main.t
ex

(C:/Users/barre/Documents/UPC/GIA/Q3/MEstadistica/spotify/PMAAD/Latex/0_main.te
x
LaTeX2e <2022-11-01> patch level 1
L3 programming layer <2023-03-30>
(C:\Users\barre\AppData\Local\Programs\MiKTeX\tex/latex/base\article.cls
Document Class: article 2022/07/02 v1.4n Standard LaTeX document class
(C:\Users\barre\AppData\Local\Programs\MiKTeX\tex/latex/base\size10.clo
File: size10.clo 2022/07/02 v1.4n Standard LaTeX file (size option)
)
\c@part=\count185
\c@section=\count186
\c@subsection=\count187
\c@subsubsection=\count188
\c@paragraph=\count189
\c@subparagraph=\count190
\c@figure=\count191
\c@table=\count192
\abovecaptionskip=\skip48
\belowcaptionskip=\skip49
\bibindent=\dimen140
)
(C:\Users\barre\AppData\Local\Programs\MiKTeX\tex/latex/base\inputenc.sty
Package: inputenc 2021/02/14 v1.3d Input encoding file
\inpenc@prehook=\toks16
\inpenc@posthook=\toks17
)
(C:\Users\barre\AppData\Local\Programs\MiKTeX\tex/latex/csquotes\csquotes.sty
Package: csquotes 2022-09-14 v5.2n context-sensitive quotations (JAW)

(C:\Users\barre\AppData\Local\Programs\MiKTeX\tex/latex/etoolbox\etoolbox.sty
Package: etoolbox 2020/10/05 v2.5k e-TeX tools for LaTeX (JAW)
\etb@tempcnta=\count193
)
(C:\Users\barre\AppData\Local\Programs\MiKTeX\tex/latex/graphics\keyval.sty
Package: keyval 2022/05/29 v1.15 key=value parser (DPC)
\KV@toks@=\toks18
)
\csq@reset=\count194
\csq@gtype=\count195
\csq@glevel=\count196
\csq@qlevel=\count197
\csq@maxlvl=\count198
\csq@tshold=\count199
\csq@ltx@everypar=\toks19

(C:\Users\barre\AppData\Local\Programs\MiKTeX\tex/latex/csquotes\csquotes.def
File: csquotes.def 2022-09-14 v5.2n csquotes generic definitions (JAW)
)
Package csquotes Info: Trying to load configuration file 'csquotes.cfg'...
Package csquotes Info: ... configuration file loaded successfully.

(C:\Users\barre\AppData\Local\Programs\MiKTeX\tex/latex/csquotes\csquotes.cfg
File: csquotes.cfg 
)) (C:\Users\barre\AppData\Local\Programs\MiKTeX\tex/generic/babel\babel.sty
Package: babel 2023/03/28 3.87 The Babel package
\babel@savecnt=\count266
\U@D=\dimen141
\l@unhyphenated=\language79

(C:\Users\barre\AppData\Local\Programs\MiKTeX\tex/generic/babel\txtbabel.def)
\bbl@readstream=\read2
\bbl@dirlevel=\count267

*************************************
* Local config file bblopts.cfg used
*
(C:\Users\barre\AppData\Local\Programs\MiKTeX\tex/latex/arabi\bblopts.cfg
File: bblopts.cfg 2005/09/08 v0.1 add Arabic and Farsi to "declared" options of
 babel
)
(C:\Users\barre\AppData\Local\Programs\MiKTeX\tex/latex/babel-catalan\catalan.l
df
Language: catalan 2005/03/29 v2.2p Catalan support from the babel system
Package babel Info: Making " an active character on input line 91.
Warning: You are using encoding OT1 instead of T1.
Some word breaks will not be found.
\leftllkern=\dimen142
\rightllkern=\dimen143
\raiselldim=\dimen144
))
(C:\Users\barre\AppData\Local\Programs\MiKTeX\tex/generic/babel/locale/ca\babel
-catalan.tex
Package babel Info: Importing font and identification data for catalan
(babel)             from babel-ca.ini. Reported on input line 11.
)
(C:\Users\barre\AppData\Local\Programs\MiKTeX\tex/latex/amsfonts\amssymb.sty
Package: amssymb 2013/01/14 v3.01 AMS font symbols

(C:\Users\barre\AppData\Local\Programs\MiKTeX\tex/latex/amsfonts\amsfonts.sty
Package: amsfonts 2013/01/14 v3.01 Basic AMSFonts support
\@emptytoks=\toks20
\symAMSa=\mathgroup4
\symAMSb=\mathgroup5
LaTeX Font Info:    Redeclaring math symbol \hbar on input line 98.
LaTeX Font Info:    Overwriting math alphabet `\mathfrak' in version `bold'
(Font)                  U/euf/m/n --> U/euf/b/n on input line 106.
)) (C:\Users\barre\AppData\Local\Programs\MiKTeX\tex/latex/float\float.sty
Package: float 2001/11/08 v1.3d Float enhancements (AL)
\c@float@type=\count268
\float@exts=\toks21
\float@box=\box51
\@float@everytoks=\toks22
\@floatcapt=\box52
)
(C:\Users\barre\AppData\Local\Programs\MiKTeX\tex/latex/amsmath\amsmath.sty
Package: amsmath 2022/04/08 v2.17n AMS math features
\@mathmargin=\skip50

For additional information on amsmath, use the `?' option.
(C:\Users\barre\AppData\Local\Programs\MiKTeX\tex/latex/amsmath\amstext.sty
Package: amstext 2021/08/26 v2.01 AMS text

(C:\Users\barre\AppData\Local\Programs\MiKTeX\tex/latex/amsmath\amsgen.sty
File: amsgen.sty 1999/11/30 v2.0 generic functions
\@emptytoks=\toks23
\ex@=\dimen145
))
(C:\Users\barre\AppData\Local\Programs\MiKTeX\tex/latex/amsmath\amsbsy.sty
Package: amsbsy 1999/11/29 v1.2d Bold Symbols
\pmbraise@=\dimen146
)
(C:\Users\barre\AppData\Local\Programs\MiKTeX\tex/latex/amsmath\amsopn.sty
Package: amsopn 2022/04/08 v2.04 operator names
)
\inf@bad=\count269
LaTeX Info: Redefining \frac on input line 234.
\uproot@=\count270
\leftroot@=\count271
LaTeX Info: Redefining \overline on input line 399.
LaTeX Info: Redefining \colon on input line 410.
\classnum@=\count272
\DOTSCASE@=\count273
LaTeX Info: Redefining \ldots on input line 496.
LaTeX Info: Redefining \dots on input line 499.
LaTeX Info: Redefining \cdots on input line 620.
\Mathstrutbox@=\box53
\strutbox@=\box54
LaTeX Info: Redefining \big on input line 722.
LaTeX Info: Redefining \Big on input line 723.
LaTeX Info: Redefining \bigg on input line 724.
LaTeX Info: Redefining \Bigg on input line 725.
\big@size=\dimen147
LaTeX Font Info:    Redeclaring font encoding OML on input line 743.
LaTeX Font Info:    Redeclaring font encoding OMS on input line 744.
\macc@depth=\count274
LaTeX Info: Redefining \bmod on input line 905.
LaTeX Info: Redefining \pmod on input line 910.
LaTeX Info: Redefining \smash on input line 940.
LaTeX Info: Redefining \relbar on input line 970.
LaTeX Info: Redefining \Relbar on input line 971.
\c@MaxMatrixCols=\count275
\dotsspace@=\muskip16
\c@parentequation=\count276
\dspbrk@lvl=\count277
\tag@help=\toks24
\row@=\count278
\column@=\count279
\maxfields@=\count280
\andhelp@=\toks25
\eqnshift@=\dimen148
\alignsep@=\dimen149
\tagshift@=\dimen150
\tagwidth@=\dimen151
\totwidth@=\dimen152
\lineht@=\dimen153
\@envbody=\toks26
\multlinegap=\skip51
\multlinetaggap=\skip52
\mathdisplay@stack=\toks27
LaTeX Info: Redefining \[ on input line 2953.
LaTeX Info: Redefining \] on input line 2954.
)
(C:\Users\barre\AppData\Local\Programs\MiKTeX\tex/latex/fancyhdr\fancyhdr.sty
Package: fancyhdr 2022/11/09 v4.1 Extensive control of page headers and footers

\f@nch@headwidth=\skip53
\f@nch@O@elh=\skip54
\f@nch@O@erh=\skip55
\f@nch@O@olh=\skip56
\f@nch@O@orh=\skip57
\f@nch@O@elf=\skip58
\f@nch@O@erf=\skip59
\f@nch@O@olf=\skip60
\f@nch@O@orf=\skip61
)
(C:\Users\barre\AppData\Local\Programs\MiKTeX\tex/latex/geometry\geometry.sty
Package: geometry 2020/01/02 v5.9 Page Geometry

(C:\Users\barre\AppData\Local\Programs\MiKTeX\tex/generic/iftex\ifvtex.sty
Package: ifvtex 2019/10/25 v1.7 ifvtex legacy package. Use iftex instead.

(C:\Users\barre\AppData\Local\Programs\MiKTeX\tex/generic/iftex\iftex.sty
Package: iftex 2022/02/03 v1.0f TeX engine tests
))
\Gm@cnth=\count281
\Gm@cntv=\count282
\c@Gm@tempcnt=\count283
\Gm@bindingoffset=\dimen154
\Gm@wd@mp=\dimen155
\Gm@odd@mp=\dimen156
\Gm@even@mp=\dimen157
\Gm@layoutwidth=\dimen158
\Gm@layoutheight=\dimen159
\Gm@layouthoffset=\dimen160
\Gm@layoutvoffset=\dimen161
\Gm@dimlist=\toks28

(C:\Users\barre\AppData\Local\Programs\MiKTeX\tex/latex/geometry\geometry.cfg))
(C:\Users\barre\AppData\Local\Programs\MiKTeX\tex/latex/setspace\setspace.sty
Package: setspace 2022/12/04 v6.7b set line spacing
)
(C:\Users\barre\AppData\Local\Programs\MiKTeX\tex/latex/caption\caption.sty
Package: caption 2023/03/12 v3.6j Customizing captions (AR)

(C:\Users\barre\AppData\Local\Programs\MiKTeX\tex/latex/caption\caption3.sty
Package: caption3 2023/03/12 v2.4 caption3 kernel (AR)
\caption@tempdima=\dimen162
\captionmargin=\dimen163
\caption@leftmargin=\dimen164
\caption@rightmargin=\dimen165
\caption@width=\dimen166
\caption@indent=\dimen167
\caption@parindent=\dimen168
\caption@hangindent=\dimen169
Package caption Info: Standard document class detected.
)
\c@caption@flags=\count284
\c@continuedfloat=\count285
Package caption Info: float package is loaded.
)
(C:\Users\barre\AppData\Local\Programs\MiKTeX\tex/latex/xcolor\xcolor.sty
Package: xcolor 2022/06/12 v2.14 LaTeX color extensions (UK)

(C:\Users\barre\AppData\Local\Programs\MiKTeX\tex/latex/graphics-cfg\color.cfg
File: color.cfg 2016/01/02 v1.6 sample color configuration
)
Package xcolor Info: Package option `usenames' ignored on input line 218.
Package xcolor Info: Driver file: pdftex.def on input line 227.

(C:\Users\barre\AppData\Local\Programs\MiKTeX\tex/latex/graphics-def\pdftex.def
File: pdftex.def 2022/09/22 v1.2b Graphics/color driver for pdftex
) (C:\Users\barre\AppData\Local\Programs\MiKTeX\tex/latex/colortbl\colortbl.sty
Package: colortbl 2022/06/20 v1.0f Color table columns (DPC)
(C:\Users\barre\AppData\Local\Programs\MiKTeX\tex/latex/tools\array.sty
Package: array 2022/09/04 v2.5g Tabular extension package (FMi)
\col@sep=\dimen170
\ar@mcellbox=\box55
\extrarowheight=\dimen171
\NC@list=\toks29
\extratabsurround=\skip62
\backup@length=\skip63
\ar@cellbox=\box56
)
\everycr=\toks30
\minrowclearance=\skip64
\rownum=\count286
)
(C:\Users\barre\AppData\Local\Programs\MiKTeX\tex/latex/graphics\mathcolor.ltx)
Package xcolor Info: Model `cmy' substituted by `cmy0' on input line 1353.
Package xcolor Info: Model `hsb' substituted by `rgb' on input line 1357.
Package xcolor Info: Model `RGB' extended on input line 1369.
Package xcolor Info: Model `HTML' substituted by `rgb' on input line 1371.
Package xcolor Info: Model `Hsb' substituted by `hsb' on input line 1372.
Package xcolor Info: Model `tHsb' substituted by `hsb' on input line 1373.
Package xcolor Info: Model `HSB' substituted by `hsb' on input line 1374.
Package xcolor Info: Model `Gray' substituted by `gray' on input line 1375.
Package xcolor Info: Model `wave' substituted by `hsb' on input line 1376.
(C:\Users\barre\AppData\Local\Programs\MiKTeX\tex/latex/graphics\dvipsnam.def
File: dvipsnam.def 2016/06/17 v3.0m Driver-dependent file (DPC,SPQR)
)) (C:\Users\barre\AppData\Local\Programs\MiKTeX\tex/latex/listings\listings.st
y
\lst@mode=\count287
\lst@gtempboxa=\box57
\lst@token=\toks31
\lst@length=\count288
\lst@currlwidth=\dimen172
\lst@column=\count289
\lst@pos=\count290
\lst@lostspace=\dimen173
\lst@width=\dimen174
\lst@newlines=\count291
\lst@lineno=\count292
\lst@maxwidth=\dimen175

(C:\Users\barre\AppData\Local\Programs\MiKTeX\tex/latex/listings\lstmisc.sty
File: lstmisc.sty 2023/02/27 1.9 (Carsten Heinz)
\c@lstnumber=\count293
\lst@skipnumbers=\count294
\lst@framebox=\box58
)
(C:\Users\barre\AppData\Local\Programs\MiKTeX\tex/latex/listings\listings.cfg
File: listings.cfg 2023/02/27 1.9 listings configuration
))
Package: listings 2023/02/27 1.9 (Carsten Heinz)
(C:\Users\barre\AppData\Local\Programs\MiKTeX\tex/latex/listings\lstlang1.sty
File: lstlang1.sty 2023/02/27 1.9 listings language file
)
(C:\Users\barre\AppData\Local\Programs\MiKTeX\tex/latex/listings\lstlang2.sty
File: lstlang2.sty 2023/02/27 1.9 listings language file
)
(C:\Users\barre\AppData\Local\Programs\MiKTeX\tex/latex/listings\lstlang3.sty
File: lstlang3.sty 2023/02/27 1.9 listings language file
)
(C:\Users\barre\AppData\Local\Programs\MiKTeX\tex/latex/hyperref\hyperref.sty
Package: hyperref 2023-02-07 v7.00v Hypertext links for LaTeX

(C:\Users\barre\AppData\Local\Programs\MiKTeX\tex/generic/ltxcmds\ltxcmds.sty
Package: ltxcmds 2020-05-10 v1.25 LaTeX kernel commands for general use (HO)
)
(C:\Users\barre\AppData\Local\Programs\MiKTeX\tex/generic/pdftexcmds\pdftexcmds
.sty
Package: pdftexcmds 2020-06-27 v0.33 Utility functions of pdfTeX for LuaTeX (HO
)

(C:\Users\barre\AppData\Local\Programs\MiKTeX\tex/generic/infwarerr\infwarerr.s
ty
Package: infwarerr 2019/12/03 v1.5 Providing info/warning/error messages (HO)
)
Package pdftexcmds Info: \pdf@primitive is available.
Package pdftexcmds Info: \pdf@ifprimitive is available.
Package pdftexcmds Info: \pdfdraftmode found.
)
(C:\Users\barre\AppData\Local\Programs\MiKTeX\tex/latex/kvsetkeys\kvsetkeys.sty
Package: kvsetkeys 2022-10-05 v1.19 Key value parser (HO)
)
(C:\Users\barre\AppData\Local\Programs\MiKTeX\tex/generic/kvdefinekeys\kvdefine
keys.sty
Package: kvdefinekeys 2019-12-19 v1.6 Define keys (HO)
)
(C:\Users\barre\AppData\Local\Programs\MiKTeX\tex/generic/pdfescape\pdfescape.s
ty
Package: pdfescape 2019/12/09 v1.15 Implements pdfTeX's escape features (HO)
) (C:\Users\barre\AppData\Local\Programs\MiKTeX\tex/latex/hycolor\hycolor.sty
Package: hycolor 2020-01-27 v1.10 Color options for hyperref/bookmark (HO)
)
(C:\Users\barre\AppData\Local\Programs\MiKTeX\tex/latex/letltxmacro\letltxmacro
.sty
Package: letltxmacro 2019/12/03 v1.6 Let assignment for LaTeX macros (HO)
)
(C:\Users\barre\AppData\Local\Programs\MiKTeX\tex/latex/auxhook\auxhook.sty
Package: auxhook 2019-12-17 v1.6 Hooks for auxiliary files (HO)
)
(C:\Users\barre\AppData\Local\Programs\MiKTeX\tex/latex/hyperref\nameref.sty
Package: nameref 2022-05-17 v2.50 Cross-referencing by name of section

(C:\Users\barre\AppData\Local\Programs\MiKTeX\tex/latex/refcount\refcount.sty
Package: refcount 2019/12/15 v3.6 Data extraction from label references (HO)
)
(C:\Users\barre\AppData\Local\Programs\MiKTeX\tex/generic/gettitlestring\gettit
lestring.sty
Package: gettitlestring 2019/12/15 v1.6 Cleanup title references (HO)

(C:\Users\barre\AppData\Local\Programs\MiKTeX\tex/latex/kvoptions\kvoptions.sty
Package: kvoptions 2022-06-15 v3.15 Key value format for package options (HO)
))
\c@section@level=\count295
)
\@linkdim=\dimen176
\Hy@linkcounter=\count296
\Hy@pagecounter=\count297
 (C:\Users\barre\AppData\Local\Programs\MiKTeX\tex/latex/hyperref\pd1enc.def
File: pd1enc.def 2023-02-07 v7.00v Hyperref: PDFDocEncoding definition (HO)
Now handling font encoding PD1 ...
... no UTF-8 mapping file for font encoding PD1
) (C:\Users\barre\AppData\Local\Programs\MiKTeX\tex/generic/intcalc\intcalc.sty
Package: intcalc 2019/12/15 v1.3 Expandable calculations with integers (HO)
)
(C:\Users\barre\AppData\Local\Programs\MiKTeX\tex/generic/etexcmds\etexcmds.sty
Package: etexcmds 2019/12/15 v1.7 Avoid name clashes with e-TeX commands (HO)
)
\Hy@SavedSpaceFactor=\count298
 (C:\Users\barre\AppData\Local\Programs\MiKTeX\tex/latex/hyperref\puenc.def
File: puenc.def 2023-02-07 v7.00v Hyperref: PDF Unicode definition (HO)
Now handling font encoding PU ...
... no UTF-8 mapping file for font encoding PU
)
Package hyperref Info: Hyper figures OFF on input line 4177.
Package hyperref Info: Link nesting OFF on input line 4182.
Package hyperref Info: Hyper index ON on input line 4185.
Package hyperref Info: Plain pages OFF on input line 4192.
Package hyperref Info: Backreferencing OFF on input line 4197.
Package hyperref Info: Implicit mode ON; LaTeX internals redefined.
Package hyperref Info: Bookmarks ON on input line 4425.
\c@Hy@tempcnt=\count299

(C:\Users\barre\AppData\Local\Programs\MiKTeX\tex/latex/url\url.sty
\Urlmuskip=\muskip17
Package: url 2013/09/16  ver 3.4  Verb mode for urls, etc.
)
LaTeX Info: Redefining \url on input line 4763.
\XeTeXLinkMargin=\dimen177

(C:\Users\barre\AppData\Local\Programs\MiKTeX\tex/generic/bitset\bitset.sty
Package: bitset 2019/12/09 v1.3 Handle bit-vector datatype (HO)

(C:\Users\barre\AppData\Local\Programs\MiKTeX\tex/generic/bigintcalc\bigintcalc
.sty
Package: bigintcalc 2019/12/15 v1.5 Expandable calculations on big integers (HO
)
))
\Fld@menulength=\count300
\Field@Width=\dimen178
\Fld@charsize=\dimen179
Package hyperref Info: Hyper figures OFF on input line 6042.
Package hyperref Info: Link nesting OFF on input line 6047.
Package hyperref Info: Hyper index ON on input line 6050.
Package hyperref Info: backreferencing OFF on input line 6057.
Package hyperref Info: Link coloring OFF on input line 6062.
Package hyperref Info: Link coloring with OCG OFF on input line 6067.
Package hyperref Info: PDF/A mode OFF on input line 6072.

(C:\Users\barre\AppData\Local\Programs\MiKTeX\tex/latex/base\atbegshi-ltx.sty
Package: atbegshi-ltx 2021/01/10 v1.0c Emulation of the original atbegshi
package with kernel methods
)
\Hy@abspage=\count301
\c@Item=\count302
\c@Hfootnote=\count303
)
Package hyperref Info: Driver (autodetected): hpdftex.
(C:\Users\barre\AppData\Local\Programs\MiKTeX\tex/latex/hyperref\hpdftex.def
File: hpdftex.def 2023-02-07 v7.00v Hyperref driver for pdfTeX

(C:\Users\barre\AppData\Local\Programs\MiKTeX\tex/latex/base\atveryend-ltx.sty
Package: atveryend-ltx 2020/08/19 v1.0a Emulation of the original atveryend pac
kage
with kernel methods
)
\Fld@listcount=\count304
\c@bookmark@seq@number=\count305

(C:\Users\barre\AppData\Local\Programs\MiKTeX\tex/latex/rerunfilecheck\rerunfil
echeck.sty
Package: rerunfilecheck 2022-07-10 v1.10 Rerun checks for auxiliary files (HO)

(C:\Users\barre\AppData\Local\Programs\MiKTeX\tex/generic/uniquecounter\uniquec
ounter.sty
Package: uniquecounter 2019/12/15 v1.4 Provide unlimited unique counter (HO)
)
Package uniquecounter Info: New unique counter `rerunfilecheck' on input line 2
85.
)
\Hy@SectionHShift=\skip65
)
(C:\Users\barre\AppData\Local\Programs\MiKTeX\tex/latex/biblatex\biblatex.sty
Package: biblatex 2023/03/05 v3.19 programmable bibliographies (PK/MW)

(C:\Users\barre\AppData\Local\Programs\MiKTeX\tex/latex/logreq\logreq.sty
Package: logreq 2010/08/04 v1.0 xml request logger
\lrq@indent=\count306

(C:\Users\barre\AppData\Local\Programs\MiKTeX\tex/latex/logreq\logreq.def
File: logreq.def 2010/08/04 v1.0 logreq spec v1.0
))
(C:\Users\barre\AppData\Local\Programs\MiKTeX\tex/latex/base\ifthen.sty
Package: ifthen 2022/04/13 v1.1d Standard LaTeX ifthen package (DPC)
)
\c@tabx@nest=\count307
\c@listtotal=\count308
\c@listcount=\count309
\c@liststart=\count310
\c@liststop=\count311
\c@citecount=\count312
\c@citetotal=\count313
\c@multicitecount=\count314
\c@multicitetotal=\count315
\c@instcount=\count316
\c@maxnames=\count317
\c@minnames=\count318
\c@maxitems=\count319
\c@minitems=\count320
\c@citecounter=\count321
\c@maxcitecounter=\count322
\c@savedcitecounter=\count323
\c@uniquelist=\count324
\c@uniquename=\count325
\c@refsection=\count326
\c@refsegment=\count327
\c@maxextratitle=\count328
\c@maxextratitleyear=\count329
\c@maxextraname=\count330
\c@maxextradate=\count331
\c@maxextraalpha=\count332
\c@abbrvpenalty=\count333
\c@highnamepenalty=\count334
\c@lownamepenalty=\count335
\c@maxparens=\count336
\c@parenlevel=\count337
\blx@tempcnta=\count338
\blx@tempcntb=\count339
\blx@tempcntc=\count340
\c@blx@maxsection=\count341
\blx@maxsegment@0=\count342
\blx@notetype=\count343
\blx@parenlevel@text=\count344
\blx@parenlevel@foot=\count345
\blx@sectionciteorder@0=\count346
\blx@sectionciteorderinternal@0=\count347
\blx@entrysetcounter=\count348
\blx@biblioinstance=\count349
\labelnumberwidth=\skip66
\labelalphawidth=\skip67
\biblabelsep=\skip68
\bibitemsep=\skip69
\bibnamesep=\skip70
\bibinitsep=\skip71
\bibparsep=\skip72
\bibhang=\skip73
\blx@bcfin=\read3
\blx@bcfout=\write3
\blx@langwohyphens=\language80
\c@mincomprange=\count350
\c@maxcomprange=\count351
\c@mincompwidth=\count352
Package biblatex Info: Trying to load biblatex default data model...
Package biblatex Info: ... file 'blx-dm.def' found.

(C:\Users\barre\AppData\Local\Programs\MiKTeX\tex/latex/biblatex\blx-dm.def
File: blx-dm.def 2023/03/05 v3.19 biblatex localization (PK/MW)
)
Package biblatex Info: Trying to load biblatex style data model...
Package biblatex Info: ... file 'numeric.dbx' not found.
Package biblatex Info: Trying to load biblatex custom data model...
Package biblatex Info: ... file 'biblatex-dm.cfg' not found.
\c@afterword=\count353
\c@savedafterword=\count354
\c@annotator=\count355
\c@savedannotator=\count356
\c@author=\count357
\c@savedauthor=\count358
\c@bookauthor=\count359
\c@savedbookauthor=\count360
\c@commentator=\count361
\c@savedcommentator=\count362
\c@editor=\count363
\c@savededitor=\count364
\c@editora=\count365
\c@savededitora=\count366
\c@editorb=\count367
\c@savededitorb=\count368
\c@editorc=\count369
\c@savededitorc=\count370
\c@foreword=\count371
\c@savedforeword=\count372
\c@holder=\count373
\c@savedholder=\count374
\c@introduction=\count375
\c@savedintroduction=\count376
\c@namea=\count377
\c@savednamea=\count378
\c@nameb=\count379
\c@savednameb=\count380
\c@namec=\count381
\c@savednamec=\count382
\c@translator=\count383
\c@savedtranslator=\count384
\c@shortauthor=\count385
\c@savedshortauthor=\count386
\c@shorteditor=\count387
\c@savedshorteditor=\count388
\c@labelname=\count389
\c@savedlabelname=\count390
\c@institution=\count391
\c@savedinstitution=\count392
\c@lista=\count393
\c@savedlista=\count394
\c@listb=\count395
\c@savedlistb=\count396
\c@listc=\count397
\c@savedlistc=\count398
\c@listd=\count399
\c@savedlistd=\count400
\c@liste=\count401
\c@savedliste=\count402
\c@listf=\count403
\c@savedlistf=\count404
\c@location=\count405
\c@savedlocation=\count406
\c@organization=\count407
\c@savedorganization=\count408
\c@origlocation=\count409
\c@savedoriglocation=\count410
\c@origpublisher=\count411
\c@savedorigpublisher=\count412
\c@publisher=\count413
\c@savedpublisher=\count414
\c@language=\count415
\c@savedlanguage=\count416
\c@origlanguage=\count417
\c@savedoriglanguage=\count418
\c@pageref=\count419
\c@savedpageref=\count420
\shorthandwidth=\skip74
\shortjournalwidth=\skip75
\shortserieswidth=\skip76
\shorttitlewidth=\skip77
\shortauthorwidth=\skip78
\shorteditorwidth=\skip79
\locallabelnumberwidth=\skip80
\locallabelalphawidth=\skip81
\localshorthandwidth=\skip82
\localshortjournalwidth=\skip83
\localshortserieswidth=\skip84
\localshorttitlewidth=\skip85
\localshortauthorwidth=\skip86
\localshorteditorwidth=\skip87
Package biblatex Info: Trying to load compatibility code...
Package biblatex Info: ... file 'blx-compat.def' found.

(C:\Users\barre\AppData\Local\Programs\MiKTeX\tex/latex/biblatex\blx-compat.def
File: blx-compat.def 2023/03/05 v3.19 biblatex compatibility (PK/MW)
)
Package biblatex Info: Trying to load generic definitions...
Package biblatex Info: ... file 'biblatex.def' found.
 (C:\Users\barre\AppData\Local\Programs\MiKTeX\tex/latex/biblatex\biblatex.def
File: biblatex.def 2023/03/05 v3.19 biblatex compatibility (PK/MW)
\c@textcitecount=\count421
\c@textcitetotal=\count422
\c@textcitemaxnames=\count423
\c@biburlbigbreakpenalty=\count424
\c@biburlbreakpenalty=\count425
\c@biburlnumpenalty=\count426
\c@biburlucpenalty=\count427
\c@biburllcpenalty=\count428
\biburlbigskip=\muskip18
\biburlnumskip=\muskip19
\biburlucskip=\muskip20
\biburllcskip=\muskip21
\c@smartand=\count429
)
Package biblatex Info: Trying to load bibliography style 'numeric'...
Package biblatex Info: ... file 'numeric.bbx' found.

(C:\Users\barre\AppData\Local\Programs\MiKTeX\tex/latex/biblatex/bbx\numeric.bb
x
File: numeric.bbx 2023/03/05 v3.19 biblatex bibliography style (PK/MW)
Package biblatex Info: Trying to load bibliography style 'standard'...
Package biblatex Info: ... file 'standard.bbx' found.

(C:\Users\barre\AppData\Local\Programs\MiKTeX\tex/latex/biblatex/bbx\standard.b
bx
File: standard.bbx 2023/03/05 v3.19 biblatex bibliography style (PK/MW)
\c@bbx:relatedcount=\count430
\c@bbx:relatedtotal=\count431
))
Package biblatex Info: Trying to load citation style 'numeric'...
Package biblatex Info: ... file 'numeric.cbx' found.

(C:\Users\barre\AppData\Local\Programs\MiKTeX\tex/latex/biblatex/cbx\numeric.cb
x
File: numeric.cbx 2023/03/05 v3.19 biblatex citation style (PK/MW)
Package biblatex Info: Redefining '\cite'.
Package biblatex Info: Redefining '\parencite'.
Package biblatex Info: Redefining '\footcite'.
Package biblatex Info: Redefining '\footcitetext'.
Package biblatex Info: Redefining '\smartcite'.
Package biblatex Info: Redefining '\supercite'.
Package biblatex Info: Redefining '\textcite'.
Package biblatex Info: Redefining '\textcites'.
Package biblatex Info: Redefining '\cites'.
Package biblatex Info: Redefining '\parencites'.
Package biblatex Info: Redefining '\smartcites'.
)
Package biblatex Info: Trying to load configuration file...
Package biblatex Info: ... file 'biblatex.cfg' found.

(C:\Users\barre\AppData\Local\Programs\MiKTeX\tex/latex/biblatex\biblatex.cfg
File: biblatex.cfg 
)
Package biblatex Info: Input encoding 'utf8' detected.
Package biblatex Info: Document encoding is UTF8 ....

(C:\Users\barre\AppData\Local\Programs\MiKTeX\tex/latex/l3kernel\expl3.sty
Package: expl3 2023-03-30 L3 programming layer (loader) 

(C:\Users\barre\AppData\Local\Programs\MiKTeX\tex/latex/l3backend\l3backend-pdf
tex.def
File: l3backend-pdftex.def 2023-03-30 L3 backend support: PDF output (pdfTeX)
\l__color_backend_stack_int=\count432
\l__pdf_internal_box=\box59
))
Package biblatex Info: ... and expl3
(biblatex)             2023-03-30 L3 programming layer (loader) 
(biblatex)             is new enough (at least 2020/04/06),
(biblatex)             setting 'casechanger=expl3'.

(C:\Users\barre\AppData\Local\Programs\MiKTeX\tex/latex/biblatex\blx-case-expl3
.sty
(C:\Users\barre\AppData\Local\Programs\MiKTeX\tex/latex/l3packages/xparse\xpars
e.sty
Package: xparse 2023-01-16 L3 Experimental document command parser
)
Package: blx-case-expl3 2023/03/05 v3.19 expl3 case changing code for biblatex
))
(C:\Users\barre\AppData\Local\Programs\MiKTeX\tex/latex/comment\comment.sty
\CommentStream=\write4

Excluding comment 'comment')
(C:\Users\barre\AppData\Local\Programs\MiKTeX\tex/latex/graphics\graphicx.sty
Package: graphicx 2021/09/16 v1.2d Enhanced LaTeX Graphics (DPC,SPQR)

(C:\Users\barre\AppData\Local\Programs\MiKTeX\tex/latex/graphics\graphics.sty
Package: graphics 2022/03/10 v1.4e Standard LaTeX Graphics (DPC,SPQR)

(C:\Users\barre\AppData\Local\Programs\MiKTeX\tex/latex/graphics\trig.sty
Package: trig 2021/08/11 v1.11 sin cos tan (DPC)
)
(C:\Users\barre\AppData\Local\Programs\MiKTeX\tex/latex/graphics-cfg\graphics.c
fg
File: graphics.cfg 2016/06/04 v1.11 sample graphics configuration
)
Package graphics Info: Driver file: pdftex.def on input line 107.
)
\Gin@req@height=\dimen180
\Gin@req@width=\dimen181
)
Package csquotes Info: Checking for multilingual support...
Package csquotes Info: ... found 'babel' package.
Package csquotes Info: Adjusting default style.


Package csquotes Warning: No style for language 'catalan'.
(csquotes)                Using fallback style on input line 84.

Package csquotes Info: Redefining alias 'default' -> 'fallback'.
No file 0_main.aux.
\openout1 = `0_main.aux'.

LaTeX Font Info:    Checking defaults for OML/cmm/m/it on input line 84.
LaTeX Font Info:    ... okay on input line 84.
LaTeX Font Info:    Checking defaults for OMS/cmsy/m/n on input line 84.
LaTeX Font Info:    ... okay on input line 84.
LaTeX Font Info:    Checking defaults for OT1/cmr/m/n on input line 84.
LaTeX Font Info:    ... okay on input line 84.
LaTeX Font Info:    Checking defaults for T1/cmr/m/n on input line 84.
LaTeX Font Info:    ... okay on input line 84.
LaTeX Font Info:    Checking defaults for TS1/cmr/m/n on input line 84.
LaTeX Font Info:    ... okay on input line 84.
LaTeX Font Info:    Checking defaults for OMX/cmex/m/n on input line 84.
LaTeX Font Info:    ... okay on input line 84.
LaTeX Font Info:    Checking defaults for U/cmr/m/n on input line 84.
LaTeX Font Info:    ... okay on input line 84.
LaTeX Font Info:    Checking defaults for PD1/pdf/m/n on input line 84.
LaTeX Font Info:    ... okay on input line 84.
LaTeX Font Info:    Checking defaults for PU/pdf/m/n on input line 84.
LaTeX Font Info:    ... okay on input line 84.
LaTeX Info: Redefining \l on input line 84.
LaTeX Info: Redefining \L on input line 84.
*geometry* driver: auto-detecting
*geometry* detected driver: pdftex
*geometry* verbose mode - [ preamble ] result:
* driver: pdftex
* paper: <default>
* layout: <same size as paper>
* layoutoffset:(h,v)=(0.0pt,0.0pt)
* modes: includehead includefoot heightrounded 
* h-part:(L,W,R)=(92.47145pt, 429.3521pt, 92.47145pt)
* v-part:(T,H,B)=(56.9055pt, 681.15898pt, 56.9055pt)
* \paperwidth=614.295pt
* \paperheight=794.96999pt
* \textwidth=429.3521pt
* \textheight=574.0pt
* \oddsidemargin=20.20146pt
* \evensidemargin=20.20146pt
* \topmargin=-15.36449pt
* \headheight=50.0pt
* \headsep=25.0pt
* \topskip=10.0pt
* \footskip=30.0pt
* \marginparwidth=65.0pt
* \marginparsep=11.0pt
* \columnsep=10.0pt
* \skip\footins=9.0pt plus 4.0pt minus 2.0pt
* \hoffset=0.0pt
* \voffset=0.0pt
* \mag=1000
* \@twocolumnfalse
* \@twosidefalse
* \@mparswitchfalse
* \@reversemarginfalse
* (1in=72.27pt=25.4mm, 1cm=28.453pt)

Package caption Info: Begin \AtBeginDocument code.
Package caption Info: hyperref package is loaded.
Package caption Info: listings package is loaded.
Package caption Info: End \AtBeginDocument code.

(C:\Users\barre\AppData\Local\Programs\MiKTeX\tex/context/base/mkii\supp-pdf.mk
ii
[Loading MPS to PDF converter (version 2006.09.02).]
\scratchcounter=\count433
\scratchdimen=\dimen182
\scratchbox=\box60
\nofMPsegments=\count434
\nofMParguments=\count435
\everyMPshowfont=\toks32
\MPscratchCnt=\count436
\MPscratchDim=\dimen183
\MPnumerator=\count437
\makeMPintoPDFobject=\count438
\everyMPtoPDFconversion=\toks33
)
(C:\Users\barre\AppData\Local\Programs\MiKTeX\tex/latex/epstopdf-pkg\epstopdf-b
ase.sty
Package: epstopdf-base 2020-01-24 v2.11 Base part for package epstopdf
Package epstopdf-base Info: Redefining graphics rule for `.eps' on input line 4
85.

(C:\Users\barre\AppData\Local\Programs\MiKTeX\tex/latex/00miktex\epstopdf-sys.c
fg
File: epstopdf-sys.cfg 2021/03/18 v2.0 Configuration of epstopdf for MiKTeX
))
\c@lstlisting=\count439
Package hyperref Info: Link coloring OFF on input line 84.
\@outlinefile=\write5
\openout5 = `0_main.out'.

Package biblatex Info: Trying to load language 'catalan'...
Package biblatex Info: ... file 'catalan.lbx' found.

(C:\Users\barre\AppData\Local\Programs\MiKTeX\tex/latex/biblatex/lbx\catalan.lb
x
File: catalan.lbx 2023/03/05 v3.19 biblatex localization (PK/MW)
)
Package biblatex Info: Input encoding 'utf8' detected.
Package biblatex Info: Automatic encoding selection.
(biblatex)             Assuming data encoding 'utf8'.
\openout3 = `0_main.bcf'.

Package biblatex Info: Trying to load bibliographic data...
Package biblatex Info: ... file '0_main.bbl' not found.

No file 0_main.bbl.
Package biblatex Info: Reference section=0 on input line 84.
Package biblatex Info: Reference segment=0 on input line 84.
<Images/upc.png, id=3, 1204.5pt x 1204.5pt>
File: Images/upc.png Graphic file (type png)
<use Images/upc.png>
Package pdftex.def Info: Images/upc.png  used on input line 105.
(pdftex.def)             Requested size: 48.17178pt x 48.17178pt.
<Images/fib.png, id=5, 1204.5pt x 860.21375pt>
File: Images/fib.png Graphic file (type png)
<use Images/fib.png>
Package pdftex.def Info: Images/fib.png  used on input line 105.
(pdftex.def)             Requested size: 48.17178pt x 34.40268pt.

Package fancyhdr Warning: \headheight is too small (50.0pt): 
(fancyhdr)                Make it at least 51.77182pt, for example:
(fancyhdr)                \setlength{\headheight}{51.77182pt}.
(fancyhdr)                You might also make \topmargin smaller to compensate:

(fancyhdr)                \addtolength{\topmargin}{-1.77182pt}.

[1

{C:/Users/barre/AppData/Local/MiKTeX/fonts/map/pdftex/pdftex.map} <C:/Users/bar
re/Documents/UPC/GIA/Q3/MEstadistica/spotify/PMAAD/Latex/Images/upc.png> <C:/Us
ers/barre/Documents/UPC/GIA/Q3/MEstadistica/spotify/PMAAD/Latex/Images/fib.png>
]
No file 0_main.toc.
\tf@toc=\write6
\openout6 = `0_main.toc'.

<Images/Logo UPC BCNTech Negre Transparent.png, id=18, 569.12625pt x 170.6375pt
>
File: Images/Logo UPC BCNTech Negre Transparent.png Graphic file (type png)
<use Images/Logo UPC BCNTech Negre Transparent.png>
Package pdftex.def Info: Images/Logo UPC BCNTech Negre Transparent.png  used on
 input line 116.
(pdftex.def)             Requested size: 142.2812pt x 42.65926pt.
[2 <C:/Users/barre/Documents/UPC/GIA/Q3/MEstadistica/spotify/PMAAD/Latex/Images
/Logo UPC BCNTech Negre Transparent.png>]
\openout2 = `1_introduccio.aux'.


(C:/Users/barre/Documents/UPC/GIA/Q3/MEstadistica/spotify/PMAAD/Latex\1_introdu
ccio.tex)
Overfull \hbox (7.39853pt too wide) in paragraph at lines 8--116
[]\OT1/cmr/m/n/10 Durant el trans-curs d'a-quest pro-jec-te s'u-sa-ran t^^Recni
ques de pre-pro-ces-sa-ment i de cl^^Sustering avan^^Xcades,
 []

File: Images/Logo UPC BCNTech Negre Transparent.png Graphic file (type png)
<use Images/Logo UPC BCNTech Negre Transparent.png>
Package pdftex.def Info: Images/Logo UPC BCNTech Negre Transparent.png  used on
 input line 116.
(pdftex.def)             Requested size: 142.2812pt x 42.65926pt.
[3

]
\openout2 = `2_descriptivaraw.aux'.


(C:/Users/barre/Documents/UPC/GIA/Q3/MEstadistica/spotify/PMAAD/Latex\2_descrip
tivaraw.tex
File: Images/Logo UPC BCNTech Negre Transparent.png Graphic file (type png)
<use Images/Logo UPC BCNTech Negre Transparent.png>
Package pdftex.def Info: Images/Logo UPC BCNTech Negre Transparent.png  used on
 input line 21.
(pdftex.def)             Requested size: 142.2812pt x 42.65926pt.
 [4



])
File: Images/Logo UPC BCNTech Negre Transparent.png Graphic file (type png)
<use Images/Logo UPC BCNTech Negre Transparent.png>
Package pdftex.def Info: Images/Logo UPC BCNTech Negre Transparent.png  used on
 input line 118.
(pdftex.def)             Requested size: 142.2812pt x 42.65926pt.
 [5]
\openout2 = `3_preprocessing.aux'.


(C:/Users/barre/Documents/UPC/GIA/Q3/MEstadistica/spotify/PMAAD/Latex\3_preproc
essing.tex
LaTeX Font Info:    Trying to load font information for U+msa on input line 6.

(C:\Users\barre\AppData\Local\Programs\MiKTeX\tex/latex/amsfonts\umsa.fd
File: umsa.fd 2013/01/14 v3.01 AMS symbols A
)
LaTeX Font Info:    Trying to load font information for U+msb on input line 6.

(C:\Users\barre\AppData\Local\Programs\MiKTeX\tex/latex/amsfonts\umsb.fd
File: umsb.fd 2013/01/14 v3.01 AMS symbols B
)

LaTeX Warning: Reference `fig:Preprocessing_mimmi_dend' on page 6 undefined on 
input line 13.

<Images/3_Preprocessing/mimmidend.png, id=45, 878.53218pt x 813.0375pt>
File: Images/3_Preprocessing/mimmidend.png Graphic file (type png)
<use Images/3_Preprocessing/mimmidend.png>
Package pdftex.def Info: Images/3_Preprocessing/mimmidend.png  used on input li
ne 17.
(pdftex.def)             Requested size: 343.48299pt x 317.87733pt.
File: Images/Logo UPC BCNTech Negre Transparent.png Graphic file (type png)
<use Images/Logo UPC BCNTech Negre Transparent.png>
Package pdftex.def Info: Images/Logo UPC BCNTech Negre Transparent.png  used on
 input line 21.
(pdftex.def)             Requested size: 142.2812pt x 42.65926pt.
[6



]
File: Images/Logo UPC BCNTech Negre Transparent.png Graphic file (type png)
<use Images/Logo UPC BCNTech Negre Transparent.png>
Package pdftex.def Info: Images/Logo UPC BCNTech Negre Transparent.png  used on
 input line 27.
(pdftex.def)             Requested size: 142.2812pt x 42.65926pt.
 [7 <C:/Users/barre/Documents/UPC/GIA/Q3/MEstadistica/spotify/PMAAD/Latex/Image
s/3_Preprocessing/mimmidend.png>]
File: Images/Logo UPC BCNTech Negre Transparent.png Graphic file (type png)
<use Images/Logo UPC BCNTech Negre Transparent.png>
Package pdftex.def Info: Images/Logo UPC BCNTech Negre Transparent.png  used on
 input line 49.
(pdftex.def)             Requested size: 142.2812pt x 42.65926pt.
 [8]
File: Images/Logo UPC BCNTech Negre Transparent.png Graphic file (type png)
<use Images/Logo UPC BCNTech Negre Transparent.png>
Package pdftex.def Info: Images/Logo UPC BCNTech Negre Transparent.png  used on
 input line 67.
(pdftex.def)             Requested size: 142.2812pt x 42.65926pt.
 [9])
File: Images/Logo UPC BCNTech Negre Transparent.png Graphic file (type png)
<use Images/Logo UPC BCNTech Negre Transparent.png>
Package pdftex.def Info: Images/Logo UPC BCNTech Negre Transparent.png  used on
 input line 120.
(pdftex.def)             Requested size: 142.2812pt x 42.65926pt.
 [10]
\openout2 = `4_clustering.aux'.


(C:/Users/barre/Documents/UPC/GIA/Q3/MEstadistica/spotify/PMAAD/Latex\4_cluster
ing.tex

! LaTeX Error: Can be used only in preamble.

See the LaTeX manual or LaTeX Companion for explanation.
Type  H <return>  for immediate help.
 ...                                              
                                                  
l.1 \documentclass
                  {article}
? 

! LaTeX Error: Can be used only in preamble.

See the LaTeX manual or LaTeX Companion for explanation.
Type  H <return>  for immediate help.
 ...                                              
                                                  
l.2 \usepackage
               [utf8]{inputenc}
? 

! LaTeX Error: Can be used only in preamble.

See the LaTeX manual or LaTeX Companion for explanation.
Type  H <return>  for immediate help.
 ...                                              
                                                  
l.3 \usepackage
               {csquotes}
? 

! LaTeX Error: Can be used only in preamble.

See the LaTeX manual or LaTeX Companion for explanation.
Type  H <return>  for immediate help.
 ...                                              
                                                  
l.4 \usepackage
               [catalan]{babel}
? 

! LaTeX Error: Can be used only in preamble.

See the LaTeX manual or LaTeX Companion for explanation.
Type  H <return>  for immediate help.
 ...                                              
                                                  
l.5 \usepackage
               {amssymb} %Para usar símbolos matemáticos
? 

! LaTeX Error: Can be used only in preamble.

See the LaTeX manual or LaTeX Companion for explanation.
Type  H <return>  for immediate help.
 ...                                              
                                                  
l.7 \usepackage
               {float}
? 

! LaTeX Error: Can be used only in preamble.

See the LaTeX manual or LaTeX Companion for explanation.
Type  H <return>  for immediate help.
 ...                                              
                                                  
l.8 \usepackage
               {amsmath}
? 

! LaTeX Error: Can be used only in preamble.

See the LaTeX manual or LaTeX Companion for explanation.
Type  H <return>  for immediate help.
 ...                                              
                                                  
l.9 \usepackage
               {fancyhdr} % Required for making headers and footers
? 

! LaTeX Error: Can be used only in preamble.

See the LaTeX manual or LaTeX Companion for explanation.
Type  H <return>  for immediate help.
 ...                                              
                                                  
l.12 \usepackage
                [
? 

! LaTeX Error: Can be used only in preamble.

See the LaTeX manual or LaTeX Companion for explanation.
Type  H <return>  for immediate help.
 ...                                              
                                                  
l.21 \usepackage
                {setspace}
? 

! LaTeX Error: Can be used only in preamble.

See the LaTeX manual or LaTeX Companion for explanation.
Type  H <return>  for immediate help.
 ...                                              
                                                  
l.27 \usepackage
                {caption}
? 

! LaTeX Error: Can be used only in preamble.

See the LaTeX manual or LaTeX Companion for explanation.
Type  H <return>  for immediate help.
 ...                                              
                                                  
l.28 \DeclareCaptionFont
                        {orange}{\color{orange}}
? 

! LaTeX Error: Can be used only in preamble.

See the LaTeX manual or LaTeX Companion for explanation.
Type  H <return>  for immediate help.
 ...                                              
                                                  
l.31 \usepackage
                [usenames,dvipsnames,table,xcdraw]{xcolor}
? 

! LaTeX Error: Can be used only in preamble.

See the LaTeX manual or LaTeX Companion for explanation.
Type  H <return>  for immediate help.
 ...                                              
                                                  
l.32 \usepackage
                {listings}
? 

! LaTeX Error: Can be used only in preamble.

See the LaTeX manual or LaTeX Companion for explanation.
Type  H <return>  for immediate help.
 ...                                              
                                                  
l.57         \usepackage
                        [usenames,dvipsnames]{xcolor}
? 

! LaTeX Error: Can be used only in preamble.

See the LaTeX manual or LaTeX Companion for explanation.
Type  H <return>  for immediate help.
 ...                                              
                                                  
l.60 \usepackage
                {hyperref}
? 

! LaTeX Error: Can be used only in preamble.

See the LaTeX manual or LaTeX Companion for explanation.
Type  H <return>  for immediate help.
 ...                                              
                                                  
l.63 \usepackage
                [style=numeric]{biblatex}
? 

! LaTeX Error: Can be used only in preamble.

See the LaTeX manual or LaTeX Companion for explanation.
Type  H <return>  for immediate help.
 ...                                              
                                                  
l.64 \addbibresource
                    {references.bib}
? 

! LaTeX Error: Can be used only in preamble.

See the LaTeX manual or LaTeX Companion for explanation.
Type  H <return>  for immediate help.
 ...                                              
                                                  
l.67 \usepackage
                {comment}
? 

! LaTeX Error: Can be used only in preamble.

See the LaTeX manual or LaTeX Companion for explanation.
Type  H <return>  for immediate help.
 ...                                              
                                                  
l.70 \usepackage
                {graphicx}
? 

! LaTeX Error: Can be used only in preamble.

See the LaTeX manual or LaTeX Companion for explanation.
Type  H <return>  for immediate help.
 ...                                              
                                                  
l.72 \usepackage
                [justification=centering]{caption}
? 

! LaTeX Error: Can be used only in preamble.

See the LaTeX manual or LaTeX Companion for explanation.
Type  H <return>  for immediate help.
 ...                                              
                                                  
l.75 \usepackage
                {fancyhdr}
? 

! LaTeX Error: Can be used only in preamble.

See the LaTeX manual or LaTeX Companion for explanation.
Type  H <return>  for immediate help.
 ...                                              
                                                  
l.84 \begin{document}
                     
? 
File: Images/Logo UPC BCNTech Negre Transparent.png Graphic file (type png)
<use Images/Logo UPC BCNTech Negre Transparent.png>
Package pdftex.def Info: Images/Logo UPC BCNTech Negre Transparent.png  used on
 input line 91.
(pdftex.def)             Requested size: 142.2812pt x 42.65926pt.

pdfTeX warning (ext4): destination with the same identifier (name{page.2}) has 
been already used, duplicate ignored
<to be read again> 
                   \relax 
l.91 \newpage
              [2



]
<Images/4_clustering/herarchical/dendogram.png, id=86, 508.90125pt x 359.54324p
t>
File: Images/4_clustering/herarchical/dendogram.png Graphic file (type png)
<use Images/4_clustering/herarchical/dendogram.png>
Package pdftex.def Info: Images/4_clustering/herarchical/dendogram.png  used on
 input line 106.
(pdftex.def)             Requested size: 343.48299pt x 242.68121pt.
File: Images/Logo UPC BCNTech Negre Transparent.png Graphic file (type png)
<use Images/Logo UPC BCNTech Negre Transparent.png>
Package pdftex.def Info: Images/Logo UPC BCNTech Negre Transparent.png  used on
 input line 110.
(pdftex.def)             Requested size: 142.2812pt x 42.65926pt.

pdfTeX warning (ext4): destination with the same identifier (name{page.3}) has 
been already used, duplicate ignored
<to be read again> 
                   \relax 
l.110 
       [3]
<Images/4_clustering/herarchical/hierarchical_dendogram_colors2.png, id=92, 688
.07062pt x 475.02469pt>
File: Images/4_clustering/herarchical/hierarchical_dendogram_colors2.png Graphi
c file (type png)
<use Images/4_clustering/herarchical/hierarchical_dendogram_colors2.png>
Package pdftex.def Info: Images/4_clustering/herarchical/hierarchical_dendogram
_colors2.png  used on input line 117.
(pdftex.def)             Requested size: 343.48299pt x 237.1276pt.
File: Images/Logo UPC BCNTech Negre Transparent.png Graphic file (type png)
<use Images/Logo UPC BCNTech Negre Transparent.png>
Package pdftex.def Info: Images/Logo UPC BCNTech Negre Transparent.png  used on
 input line 121.
(pdftex.def)             Requested size: 142.2812pt x 42.65926pt.

pdfTeX warning (ext4): destination with the same identifier (name{page.4}) has 
been already used, duplicate ignored
<to be read again> 
                   \relax 
l.121 
       [4 <C:/Users/barre/Documents/UPC/GIA/Q3/MEstadistica/spotify/PMAAD/Latex
/Images/4_clustering/herarchical/dendogram.png (PNG copy)>]
<Images/4_clustering/herarchical/pca_hierarchical.png, id=98, 688.07062pt x 475
.02469pt>
File: Images/4_clustering/herarchical/pca_hierarchical.png Graphic file (type p
ng)
<use Images/4_clustering/herarchical/pca_hierarchical.png>
Package pdftex.def Info: Images/4_clustering/herarchical/pca_hierarchical.png  
used on input line 126.
(pdftex.def)             Requested size: 300.54515pt x 207.48936pt.
File: Images/Logo UPC BCNTech Negre Transparent.png Graphic file (type png)
<use Images/Logo UPC BCNTech Negre Transparent.png>
Package pdftex.def Info: Images/Logo UPC BCNTech Negre Transparent.png  used on
 input line 132.
(pdftex.def)             Requested size: 142.2812pt x 42.65926pt.

pdfTeX warning (ext4): destination with the same identifier (name{page.5}) has 
been already used, duplicate ignored
<to be read again> 
                   \relax 
l.132 
       [5 <C:/Users/barre/Documents/UPC/GIA/Q3/MEstadistica/spotify/PMAAD/Latex
/Images/4_clustering/herarchical/hierarchical_dendogram_colors2.png> <C:/Users/
barre/Documents/UPC/GIA/Q3/MEstadistica/spotify/PMAAD/Latex/Images/4_clustering
/herarchical/pca_hierarchical.png>]
File: Images/Logo UPC BCNTech Negre Transparent.png Graphic file (type png)
<use Images/Logo UPC BCNTech Negre Transparent.png>
Package pdftex.def Info: Images/Logo UPC BCNTech Negre Transparent.png  used on
 input line 156.
(pdftex.def)             Requested size: 142.2812pt x 42.65926pt.

pdfTeX warning (ext4): destination with the same identifier (name{page.6}) has 
been already used, duplicate ignored
<to be read again> 
                   \relax 
l.156 
       [6]
Underfull \hbox (badness 10000) in paragraph at lines 157--158

 []

<Images/4_clustering/KMODES/kmodes1.png, id=111, 460.72125pt x 358.941pt>
File: Images/4_clustering/KMODES/kmodes1.png Graphic file (type png)
<use Images/4_clustering/KMODES/kmodes1.png>
Package pdftex.def Info: Images/4_clustering/KMODES/kmodes1.png  used on input 
line 161.
(pdftex.def)             Requested size: 300.54515pt x 234.14685pt.
<Images/4_clustering/KMODES/kmodes2.png, id=112, 460.72125pt x 358.941pt>
File: Images/4_clustering/KMODES/kmodes2.png Graphic file (type png)
<use Images/4_clustering/KMODES/kmodes2.png>
Package pdftex.def Info: Images/4_clustering/KMODES/kmodes2.png  used on input 
line 170.
(pdftex.def)             Requested size: 300.54515pt x 234.14685pt.
File: Images/Logo UPC BCNTech Negre Transparent.png Graphic file (type png)
<use Images/Logo UPC BCNTech Negre Transparent.png>
Package pdftex.def Info: Images/Logo UPC BCNTech Negre Transparent.png  used on
 input line 174.
(pdftex.def)             Requested size: 142.2812pt x 42.65926pt.

pdfTeX warning (ext4): destination with the same identifier (name{page.7}) has 
been already used, duplicate ignored
<to be read again> 
                   \relax 
l.174 
       [7 <C:/Users/barre/Documents/UPC/GIA/Q3/MEstadistica/spotify/PMAAD/Latex
/Images/4_clustering/KMODES/kmodes1.png>]
File: Images/Logo UPC BCNTech Negre Transparent.png Graphic file (type png)
<use Images/Logo UPC BCNTech Negre Transparent.png>
Package pdftex.def Info: Images/Logo UPC BCNTech Negre Transparent.png  used on
 input line 181.
(pdftex.def)             Requested size: 142.2812pt x 42.65926pt.

pdfTeX warning (ext4): destination with the same identifier (name{page.8}) has 
been already used, duplicate ignored
<to be read again> 
                   \relax 
l.181 
       [8 <C:/Users/barre/Documents/UPC/GIA/Q3/MEstadistica/spotify/PMAAD/Latex
/Images/4_clustering/KMODES/kmodes2.png (PNG copy)>]
<Images/4_clustering/CURE/curedendrogram.png, id=123, 773.89125pt x 617.30624pt
>
File: Images/4_clustering/CURE/curedendrogram.png Graphic file (type png)
<use Images/4_clustering/CURE/curedendrogram.png>
Package pdftex.def Info: Images/4_clustering/CURE/curedendrogram.png  used on i
nput line 184.
(pdftex.def)             Requested size: 343.48299pt x 273.98926pt.


LaTeX Warning: Reference `fig:CURE_dend' on page 9 undefined on input line 189.



LaTeX Warning: Reference `tab:CURE_taularep' on page 9 undefined on input line 
191.

File: Images/Logo UPC BCNTech Negre Transparent.png Graphic file (type png)
<use Images/Logo UPC BCNTech Negre Transparent.png>
Package pdftex.def Info: Images/Logo UPC BCNTech Negre Transparent.png  used on
 input line 205.
(pdftex.def)             Requested size: 142.2812pt x 42.65926pt.

pdfTeX warning (ext4): destination with the same identifier (name{page.9}) has 
been already used, duplicate ignored
<to be read again> 
                   \relax 
l.205 
       [9 <C:/Users/barre/Documents/UPC/GIA/Q3/MEstadistica/spotify/PMAAD/Latex
/Images/4_clustering/CURE/curedendrogram.png (PNG copy)>]

LaTeX Warning: Reference `tab:CURE_taulanorep' on page 10 undefined on input li
ne 206.


LaTeX Warning: Reference `fig:CURE_res' on page 10 undefined on input line 221.


<Images/4_clustering/CURE/cure.png, id=128, 578.16pt x 433.62pt>
File: Images/4_clustering/CURE/cure.png Graphic file (type png)
<use Images/4_clustering/CURE/cure.png>
Package pdftex.def Info: Images/4_clustering/CURE/cure.png  used on input line 
225.
(pdftex.def)             Requested size: 343.48299pt x 257.6068pt.
File: Images/Logo UPC BCNTech Negre Transparent.png Graphic file (type png)
<use Images/Logo UPC BCNTech Negre Transparent.png>
Package pdftex.def Info: Images/Logo UPC BCNTech Negre Transparent.png  used on
 input line 229.
(pdftex.def)             Requested size: 142.2812pt x 42.65926pt.

pdfTeX warning (ext4): destination with the same identifier (name{page.10}) has
 been already used, duplicate ignored
<to be read again> 
                   \relax 
l.229 
       [10]

LaTeX Warning: Reference `fig:DBSCAN_pca' on page 11 undefined on input line 23
4.

<Images/4_clustering/DBSCAN/dbscanpca.png, id=135, 578.16pt x 433.62pt>
File: Images/4_clustering/DBSCAN/dbscanpca.png Graphic file (type png)
<use Images/4_clustering/DBSCAN/dbscanpca.png>
Package pdftex.def Info: Images/4_clustering/DBSCAN/dbscanpca.png  used on inpu
t line 238.
(pdftex.def)             Requested size: 343.48299pt x 257.6068pt.
File: Images/Logo UPC BCNTech Negre Transparent.png Graphic file (type png)
<use Images/Logo UPC BCNTech Negre Transparent.png>
Package pdftex.def Info: Images/Logo UPC BCNTech Negre Transparent.png  used on
 input line 242.
(pdftex.def)             Requested size: 142.2812pt x 42.65926pt.
[11 <C:/Users/barre/Documents/UPC/GIA/Q3/MEstadistica/spotify/PMAAD/Latex/Image
s/4_clustering/CURE/cure.png>]

LaTeX Warning: Reference `fig:DBSCAN_pca_contrib' on page 12 undefined on input
 line 243.

<Images/4_clustering/DBSCAN/dbscanpcacomponents.png, id=142, 578.16pt x 433.62p
t>
File: Images/4_clustering/DBSCAN/dbscanpcacomponents.png Graphic file (type png
)
<use Images/4_clustering/DBSCAN/dbscanpcacomponents.png>
Package pdftex.def Info: Images/4_clustering/DBSCAN/dbscanpcacomponents.png  us
ed on input line 247.
(pdftex.def)             Requested size: 343.48299pt x 257.6068pt.
File: Images/Logo UPC BCNTech Negre Transparent.png Graphic file (type png)
<use Images/Logo UPC BCNTech Negre Transparent.png>
Package pdftex.def Info: Images/Logo UPC BCNTech Negre Transparent.png  used on
 input line 251.
(pdftex.def)             Requested size: 142.2812pt x 42.65926pt.
[12 <C:/Users/barre/Documents/UPC/GIA/Q3/MEstadistica/spotify/PMAAD/Latex/Image
s/4_clustering/DBSCAN/dbscanpca.png>]

LaTeX Warning: Reference `fig:KMEANS' on page 13 undefined on input line 252.

<Images/4_clustering/DBSCAN/kmeans.png, id=149, 578.16pt x 433.62pt>
File: Images/4_clustering/DBSCAN/kmeans.png Graphic file (type png)
<use Images/4_clustering/DBSCAN/kmeans.png>
Package pdftex.def Info: Images/4_clustering/DBSCAN/kmeans.png  used on input l
ine 256.
(pdftex.def)             Requested size: 343.48299pt x 257.6068pt.
File: Images/Logo UPC BCNTech Negre Transparent.png Graphic file (type png)
<use Images/Logo UPC BCNTech Negre Transparent.png>
Package pdftex.def Info: Images/Logo UPC BCNTech Negre Transparent.png  used on
 input line 260.
(pdftex.def)             Requested size: 142.2812pt x 42.65926pt.
[13 <C:/Users/barre/Documents/UPC/GIA/Q3/MEstadistica/spotify/PMAAD/Latex/Image
s/4_clustering/DBSCAN/dbscanpcacomponents.png>]

LaTeX Warning: Reference `fig:KMEANS_34' on page 14 undefined on input line 263
.

<Images/4_clustering/DBSCAN/kmeans34.png, id=156, 578.16pt x 433.62pt>
File: Images/4_clustering/DBSCAN/kmeans34.png Graphic file (type png)
<use Images/4_clustering/DBSCAN/kmeans34.png>
Package pdftex.def Info: Images/4_clustering/DBSCAN/kmeans34.png  used on input
 line 267.
(pdftex.def)             Requested size: 343.48299pt x 257.6068pt.
File: Images/Logo UPC BCNTech Negre Transparent.png Graphic file (type png)
<use Images/Logo UPC BCNTech Negre Transparent.png>
Package pdftex.def Info: Images/Logo UPC BCNTech Negre Transparent.png  used on
 input line 271.
(pdftex.def)             Requested size: 142.2812pt x 42.65926pt.
[14 <C:/Users/barre/Documents/UPC/GIA/Q3/MEstadistica/spotify/PMAAD/Latex/Image
s/4_clustering/DBSCAN/kmeans.png>]

LaTeX Warning: Reference `fig:DBSCAN_inicial' on page 15 undefined on input lin
e 272.

<Images/4_clustering/DBSCAN/baddbscan.png, id=162, 578.16pt x 433.62pt>
File: Images/4_clustering/DBSCAN/baddbscan.png Graphic file (type png)
<use Images/4_clustering/DBSCAN/baddbscan.png>
Package pdftex.def Info: Images/4_clustering/DBSCAN/baddbscan.png  used on inpu
t line 276.
(pdftex.def)             Requested size: 343.48299pt x 257.6068pt.
File: Images/Logo UPC BCNTech Negre Transparent.png Graphic file (type png)
<use Images/Logo UPC BCNTech Negre Transparent.png>
Package pdftex.def Info: Images/Logo UPC BCNTech Negre Transparent.png  used on
 input line 281.
(pdftex.def)             Requested size: 142.2812pt x 42.65926pt.
[15 <C:/Users/barre/Documents/UPC/GIA/Q3/MEstadistica/spotify/PMAAD/Latex/Image
s/4_clustering/DBSCAN/kmeans34.png>]

LaTeX Warning: Reference `fig:DBSCAN_auto' on page 16 undefined on input line 2
83.

<Images/4_clustering/DBSCAN/dbscanauto.png, id=168, 578.16pt x 433.62pt>
File: Images/4_clustering/DBSCAN/dbscanauto.png Graphic file (type png)
<use Images/4_clustering/DBSCAN/dbscanauto.png>
Package pdftex.def Info: Images/4_clustering/DBSCAN/dbscanauto.png  used on inp
ut line 287.
(pdftex.def)             Requested size: 343.48299pt x 257.6068pt.
File: Images/Logo UPC BCNTech Negre Transparent.png Graphic file (type png)
<use Images/Logo UPC BCNTech Negre Transparent.png>
Package pdftex.def Info: Images/Logo UPC BCNTech Negre Transparent.png  used on
 input line 291.
(pdftex.def)             Requested size: 142.2812pt x 42.65926pt.
[16 <C:/Users/barre/Documents/UPC/GIA/Q3/MEstadistica/spotify/PMAAD/Latex/Image
s/4_clustering/DBSCAN/baddbscan.png>]

LaTeX Warning: Reference `fig:DBSCAN_manual' on page 17 undefined on input line
 294.


LaTeX Warning: Reference `fig:DBSCAN_manual2' on page 17 undefined on input lin
e 294.

<Images/4_clustering/DBSCAN/dbscanforca.png, id=175, 578.16pt x 433.62pt>
File: Images/4_clustering/DBSCAN/dbscanforca.png Graphic file (type png)
<use Images/4_clustering/DBSCAN/dbscanforca.png>
Package pdftex.def Info: Images/4_clustering/DBSCAN/dbscanforca.png  used on in
put line 298.
(pdftex.def)             Requested size: 343.48299pt x 257.6068pt.
File: Images/Logo UPC BCNTech Negre Transparent.png Graphic file (type png)
<use Images/Logo UPC BCNTech Negre Transparent.png>
Package pdftex.def Info: Images/Logo UPC BCNTech Negre Transparent.png  used on
 input line 302.
(pdftex.def)             Requested size: 142.2812pt x 42.65926pt.
[17 <C:/Users/barre/Documents/UPC/GIA/Q3/MEstadistica/spotify/PMAAD/Latex/Image
s/4_clustering/DBSCAN/dbscanauto.png>]
<Images/4_clustering/DBSCAN/dbscanforcaalt.png, id=181, 578.16pt x 433.62pt>
File: Images/4_clustering/DBSCAN/dbscanforcaalt.png Graphic file (type png)
<use Images/4_clustering/DBSCAN/dbscanforcaalt.png>
Package pdftex.def Info: Images/4_clustering/DBSCAN/dbscanforcaalt.png  used on
 input line 305.
(pdftex.def)             Requested size: 343.48299pt x 257.6068pt.
File: Images/Logo UPC BCNTech Negre Transparent.png Graphic file (type png)
<use Images/Logo UPC BCNTech Negre Transparent.png>
Package pdftex.def Info: Images/Logo UPC BCNTech Negre Transparent.png  used on
 input line 309.
(pdftex.def)             Requested size: 142.2812pt x 42.65926pt.
 [18 <C:/Users/barre/Documents/UPC/GIA/Q3/MEstadistica/spotify/PMAAD/Latex/Imag
es/4_clustering/DBSCAN/dbscanforca.png>]

LaTeX Warning: Reference `fig:OPTICS_inicial' on page 19 undefined on input lin
e 312.

<Images/4_clustering/optics/reachability1.png, id=187, 578.16pt x 316.18124pt>
File: Images/4_clustering/optics/reachability1.png Graphic file (type png)
<use Images/4_clustering/optics/reachability1.png>
Package pdftex.def Info: Images/4_clustering/optics/reachability1.png  used on 
input line 316.
(pdftex.def)             Requested size: 343.48299pt x 187.83829pt.
File: Images/Logo UPC BCNTech Negre Transparent.png Graphic file (type png)
<use Images/Logo UPC BCNTech Negre Transparent.png>
Package pdftex.def Info: Images/Logo UPC BCNTech Negre Transparent.png  used on
 input line 320.
(pdftex.def)             Requested size: 142.2812pt x 42.65926pt.
[19 <C:/Users/barre/Documents/UPC/GIA/Q3/MEstadistica/spotify/PMAAD/Latex/Image
s/4_clustering/DBSCAN/dbscanforcaalt.png>]

LaTeX Warning: Reference `fig:OPTICS_grid' on page 20 undefined on input line 3
21.

<Images/4_clustering/optics/reachabilitygrid.png, id=193, 578.16pt x 361.35pt>
File: Images/4_clustering/optics/reachabilitygrid.png Graphic file (type png)
<use Images/4_clustering/optics/reachabilitygrid.png>
Package pdftex.def Info: Images/4_clustering/optics/reachabilitygrid.png  used 
on input line 325.
(pdftex.def)             Requested size: 343.48299pt x 214.67233pt.

LaTeX Warning: Reference `fig:OPTICS_grid_res' on page 20 undefined on input li
ne 330.

File: Images/Logo UPC BCNTech Negre Transparent.png Graphic file (type png)
<use Images/Logo UPC BCNTech Negre Transparent.png>
Package pdftex.def Info: Images/Logo UPC BCNTech Negre Transparent.png  used on
 input line 331.
(pdftex.def)             Requested size: 142.2812pt x 42.65926pt.
[20 <C:/Users/barre/Documents/UPC/GIA/Q3/MEstadistica/spotify/PMAAD/Latex/Image
s/4_clustering/optics/reachability1.png> <C:/Users/barre/Documents/UPC/GIA/Q3/M
Estadistica/spotify/PMAAD/Latex/Images/4_clustering/optics/reachabilitygrid.png
>]
<Images/4_clustering/optics/opticsgrid.png, id=202, 578.16pt x 433.62pt>
File: Images/4_clustering/optics/opticsgrid.png Graphic file (type png)
<use Images/4_clustering/optics/opticsgrid.png>
Package pdftex.def Info: Images/4_clustering/optics/opticsgrid.png  used on inp
ut line 334.
(pdftex.def)             Requested size: 343.48299pt x 257.6068pt.


LaTeX Warning: Reference `fig:OPTICS_silo' on page 21 undefined on input line 3
40.

<Images/4_clustering/optics/siloreachability.png, id=203, 578.16pt x 361.35pt>
File: Images/4_clustering/optics/siloreachability.png Graphic file (type png)
<use Images/4_clustering/optics/siloreachability.png>
Package pdftex.def Info: Images/4_clustering/optics/siloreachability.png  used 
on input line 343.
(pdftex.def)             Requested size: 343.48299pt x 214.67233pt.
File: Images/Logo UPC BCNTech Negre Transparent.png Graphic file (type png)
<use Images/Logo UPC BCNTech Negre Transparent.png>
Package pdftex.def Info: Images/Logo UPC BCNTech Negre Transparent.png  used on
 input line 347.
(pdftex.def)             Requested size: 142.2812pt x 42.65926pt.
[21 <C:/Users/barre/Documents/UPC/GIA/Q3/MEstadistica/spotify/PMAAD/Latex/Image
s/4_clustering/optics/opticsgrid.png>]
File: Images/Logo UPC BCNTech Negre Transparent.png Graphic file (type png)
<use Images/Logo UPC BCNTech Negre Transparent.png>
Package pdftex.def Info: Images/Logo UPC BCNTech Negre Transparent.png  used on
 input line 356.
(pdftex.def)             Requested size: 142.2812pt x 42.65926pt.
 [22 <C:/Users/barre/Documents/UPC/GIA/Q3/MEstadistica/spotify/PMAAD/Latex/Imag
es/4_clustering/optics/siloreachability.png>]
<Images/4_clustering/time_series/dendrograma_original.png, id=218, 2153.79657pt
 x 1102.87032pt>
File: Images/4_clustering/time_series/dendrograma_original.png Graphic file (ty
pe png)
<use Images/4_clustering/time_series/dendrograma_original.png>
Package pdftex.def Info: Images/4_clustering/time_series/dendrograma_original.p
ng  used on input line 365.
(pdftex.def)             Requested size: 429.3521pt x 219.84653pt.


LaTeX Warning: Reference `fig:TS_dendrograma_original' on page 23 undefined on 
input line 370.

File: Images/Logo UPC BCNTech Negre Transparent.png Graphic file (type png)
<use Images/Logo UPC BCNTech Negre Transparent.png>
Package pdftex.def Info: Images/Logo UPC BCNTech Negre Transparent.png  used on
 input line 371.
(pdftex.def)             Requested size: 142.2812pt x 42.65926pt.
[23 <C:/Users/barre/Documents/UPC/GIA/Q3/MEstadistica/spotify/PMAAD/Latex/Image
s/4_clustering/time_series/dendrograma_original.png>]

LaTeX Warning: Reference `tab:clustering_results' on page 24 undefined on input
 line 372.


LaTeX Warning: Reference `fig:TS_dendrograma_colors' on page 24 undefined on in
put line 385.

<Images/4_clustering/time_series/dendrograma_colors.png, id=225, 2070.98718pt x
 1115.66812pt>
File: Images/4_clustering/time_series/dendrograma_colors.png Graphic file (type
 png)
<use Images/4_clustering/time_series/dendrograma_colors.png>
Package pdftex.def Info: Images/4_clustering/time_series/dendrograma_colors.png
  used on input line 389.
(pdftex.def)             Requested size: 429.3521pt x 231.28403pt.
File: Images/Logo UPC BCNTech Negre Transparent.png Graphic file (type png)
<use Images/Logo UPC BCNTech Negre Transparent.png>
Package pdftex.def Info: Images/Logo UPC BCNTech Negre Transparent.png  used on
 input line 397.
(pdftex.def)             Requested size: 142.2812pt x 42.65926pt.
[24 <C:/Users/barre/Documents/UPC/GIA/Q3/MEstadistica/spotify/PMAAD/Latex/Image
s/4_clustering/time_series/dendrograma_colors.png>]

LaTeX Warning: Reference `fig:TS_tsclust_sc' on page 25 undefined on input line
 400.


Underfull \hbox (badness 10000) in paragraph at lines 400--401

 []

File: Images/Logo UPC BCNTech Negre Transparent.png Graphic file (type png)
<use Images/Logo UPC BCNTech Negre Transparent.png>
Package pdftex.def Info: Images/Logo UPC BCNTech Negre Transparent.png  used on
 input line 412.
(pdftex.def)             Requested size: 142.2812pt x 42.65926pt.
[25]
<Images/4_clustering/time_series/tsclust_sc.png, id=238, 2167.34718pt x 1242.89
343pt>
File: Images/4_clustering/time_series/tsclust_sc.png Graphic file (type png)
<use Images/4_clustering/time_series/tsclust_sc.png>
Package pdftex.def Info: Images/4_clustering/time_series/tsclust_sc.png  used o
n input line 417.
(pdftex.def)             Requested size: 343.48299pt x 196.9705pt.


LaTeX Warning: Reference `fig:ts_clust_streams_month_cluster' on page 26 undefi
ned on input line 423.

<Images/4_clustering/time_series/streams_cada_mes_per_cluster_amb_mitjana.png, 
id=239, 2167.34718pt x 1218.80344pt>
File: Images/4_clustering/time_series/streams_cada_mes_per_cluster_amb_mitjana.
png Graphic file (type png)
<use Images/4_clustering/time_series/streams_cada_mes_per_cluster_amb_mitjana.p
ng>
Package pdftex.def Info: Images/4_clustering/time_series/streams_cada_mes_per_c
luster_amb_mitjana.png  used on input line 429.
(pdftex.def)             Requested size: 343.48299pt x 193.15279pt.
File: Images/Logo UPC BCNTech Negre Transparent.png Graphic file (type png)
<use Images/Logo UPC BCNTech Negre Transparent.png>
Package pdftex.def Info: Images/Logo UPC BCNTech Negre Transparent.png  used on
 input line 433.
(pdftex.def)             Requested size: 142.2812pt x 42.65926pt.
[26 <C:/Users/barre/Documents/UPC/GIA/Q3/MEstadistica/spotify/PMAAD/Latex/Image
s/4_clustering/time_series/tsclust_sc.png>]

LaTeX Warning: Reference `fig:TS_barplot_mitjanes_mesos_actius' on page 27 unde
fined on input line 436.


LaTeX Warning: Reference `fig:TS_boxplot_mesos_actius' on page 27 undefined on 
input line 438.


Overfull \hbox (3.09132pt too wide) in paragraph at lines 438--439
[]\OT1/cmr/m/n/10 Si ens fi-xem en el \OT1/cmr/m/it/10 box-plot [] \OT1/cmr/m/n
/10 po-dem ob-ser-var i con-fir-mar l'es-pon-ta-ne^^?^^Ptat de la clas-se 2 on 
pr^^Racticament
 []

<Images/4_clustering/time_series/barplot_mitjanes_mesos_actius.png, id=246, 578
.16pt x 433.62pt>
File: Images/4_clustering/time_series/barplot_mitjanes_mesos_actius.png Graphic
 file (type png)
<use Images/4_clustering/time_series/barplot_mitjanes_mesos_actius.png>
Package pdftex.def Info: Images/4_clustering/time_series/barplot_mitjanes_mesos
_actius.png  used on input line 442.
(pdftex.def)             Requested size: 343.48299pt x 257.6068pt.
File: Images/Logo UPC BCNTech Negre Transparent.png Graphic file (type png)
<use Images/Logo UPC BCNTech Negre Transparent.png>
Package pdftex.def Info: Images/Logo UPC BCNTech Negre Transparent.png  used on
 input line 446.
(pdftex.def)             Requested size: 142.2812pt x 42.65926pt.
[27 <C:/Users/barre/Documents/UPC/GIA/Q3/MEstadistica/spotify/PMAAD/Latex/Image
s/4_clustering/time_series/streams_cada_mes_per_cluster_amb_mitjana.png>]
<Images/4_clustering/time_series/boxplot_mesos_actius.png, id=253, 578.16pt x 4
33.62pt>
File: Images/4_clustering/time_series/boxplot_mesos_actius.png Graphic file (ty
pe png)
<use Images/4_clustering/time_series/boxplot_mesos_actius.png>
Package pdftex.def Info: Images/4_clustering/time_series/boxplot_mesos_actius.p
ng  used on input line 449.
(pdftex.def)             Requested size: 343.48299pt x 257.6068pt.
File: Images/Logo UPC BCNTech Negre Transparent.png Graphic file (type png)
<use Images/Logo UPC BCNTech Negre Transparent.png>
Package pdftex.def Info: Images/Logo UPC BCNTech Negre Transparent.png  used on
 input line 453.
(pdftex.def)             Requested size: 142.2812pt x 42.65926pt.

[28 <C:/Users/barre/Documents/UPC/GIA/Q3/MEstadistica/spotify/PMAAD/Latex/Image
s/4_clustering/time_series/barplot_mitjanes_mesos_actius.png>]

LaTeX Warning: Reference `fig:TS_evol_streams_per_mes_i_cluster' on page 29 und
efined on input line 454.

<Images/4_clustering/time_series/evol_streams_per_mes_i_cluster.png, id=260, 57
8.16pt x 433.62pt>
File: Images/4_clustering/time_series/evol_streams_per_mes_i_cluster.png Graphi
c file (type png)
<use Images/4_clustering/time_series/evol_streams_per_mes_i_cluster.png>
Package pdftex.def Info: Images/4_clustering/time_series/evol_streams_per_mes_i
_cluster.png  used on input line 460.
(pdftex.def)             Requested size: 343.48299pt x 257.6068pt.
File: Images/Logo UPC BCNTech Negre Transparent.png Graphic file (type png)
<use Images/Logo UPC BCNTech Negre Transparent.png>
Package pdftex.def Info: Images/Logo UPC BCNTech Negre Transparent.png  used on
 input line 464.
(pdftex.def)             Requested size: 142.2812pt x 42.65926pt.
[29 <C:/Users/barre/Documents/UPC/GIA/Q3/MEstadistica/spotify/PMAAD/Latex/Image
s/4_clustering/time_series/boxplot_mesos_actius.png>]

LaTeX Warning: Reference `fig:TS_evol_streams_per_mes_i_cluster' on page 30 und
efined on input line 465.


LaTeX Warning: Reference `fig:TS_evol_streams_per_mes_i_cluster_no_zeros' on pa
ge 30 undefined on input line 465.

File: Images/Logo UPC BCNTech Negre Transparent.png Graphic file (type png)
<use Images/Logo UPC BCNTech Negre Transparent.png>
Package pdftex.def Info: Images/Logo UPC BCNTech Negre Transparent.png  used on
 input line 466.
(pdftex.def)             Requested size: 142.2812pt x 42.65926pt.
[30 <C:/Users/barre/Documents/UPC/GIA/Q3/MEstadistica/spotify/PMAAD/Latex/Image
s/4_clustering/time_series/evol_streams_per_mes_i_cluster.png>]
<Images/4_clustering/time_series/evol_streams_per_mes_i_cluster_no_0.png, id=27
1, 578.16pt x 433.62pt>
File: Images/4_clustering/time_series/evol_streams_per_mes_i_cluster_no_0.png G
raphic file (type png)
<use Images/4_clustering/time_series/evol_streams_per_mes_i_cluster_no_0.png>
Package pdftex.def Info: Images/4_clustering/time_series/evol_streams_per_mes_i
_cluster_no_0.png  used on input line 469.
(pdftex.def)             Requested size: 343.48299pt x 257.6068pt.
File: Images/Logo UPC BCNTech Negre Transparent.png Graphic file (type png)
<use Images/Logo UPC BCNTech Negre Transparent.png>
Package pdftex.def Info: Images/Logo UPC BCNTech Negre Transparent.png  used on
 input line 484.
(pdftex.def)             Requested size: 142.2812pt x 42.65926pt.
 [31 <C:/Users/barre/Documents/UPC/GIA/Q3/MEstadistica/spotify/PMAAD/Latex/Imag
es/4_clustering/time_series/evol_streams_per_mes_i_cluster_no_0.png>]

LaTeX Warning: Reference `fig:TS_dendrograma_colors' on page 32 undefined on in
put line 491.

File: Images/Logo UPC BCNTech Negre Transparent.png Graphic file (type png)
<use Images/Logo UPC BCNTech Negre Transparent.png>
Package pdftex.def Info: Images/Logo UPC BCNTech Negre Transparent.png  used on
 input line 493.
(pdftex.def)             Requested size: 142.2812pt x 42.65926pt.
[32] (0_main.aux (1_introduccio.aux) (2_descriptivaraw.aux)
(3_preprocessing.aux) (4_clustering.aux)
Runaway argument?
{{21}{23}{Dendrograma de cançons utilitzant distància \texttt {DTW}\ETC.
! File ended while scanning use of \newlabel.
<inserted text> 
                \par 
l.24 \@input{4_clustering.aux}
                              
? 
)

LaTeX Warning: There were undefined references.


LaTeX Warning: Label(s) may have changed. Rerun to get cross-references right.


Package rerunfilecheck Warning: File `0_main.out' has changed.
(rerunfilecheck)                Rerun to get outlines right
(rerunfilecheck)                or use package `bookmark'.

Package rerunfilecheck Info: Checksums for `0_main.out':
(rerunfilecheck)             Before: <no file>
(rerunfilecheck)             After:  F47BAADF74FCA4F99B1CFF22A535F3F8;3565.

Package biblatex Warning: Please (re)run Biber on the file:
(biblatex)                0_main
(biblatex)                and rerun LaTeX afterwards.

Package logreq Info: Writing requests to '0_main.run.xml'.
\openout1 = `0_main.run.xml'.

 ) )
(\end occurred inside a group at level 1)

### semi simple group (level 1) entered at line 84 (\begingroup)
### bottom level
(\end occurred when \iftrue on line 122 was incomplete)
(\end occurred when \ifx on line 122 was incomplete)
(\end occurred when \ifnum on line 122 was incomplete) 
Here is how much of TeX's memory you used:
 22991 strings out of 476326
 407815 string characters out of 5787722
 1861660 words of memory out of 5000000
 43017 multiletter control sequences out of 15000+600000
 519629 words of font info for 58 fonts, out of 8000000 for 9000
 1141 hyphenation exceptions out of 8191
 75i,17n,76p,2004b,1916s stack positions out of 10000i,1000n,20000p,200000b,200000s
 <C:\Users\barre\AppData\
Local\MiKTeX\fonts/pk/ljfour/jknappen/ec/dpi600\tcrm1000.pk> <C:\Users\barre\Ap
pData\Local\MiKTeX\fonts/pk/ljfour/jknappen/ec/dpi600\tcbx1000.pk> <C:\Users\ba
rre\AppData\Local\MiKTeX\fonts/pk/ljfour/jknappen/ec/dpi600\tcti1440.pk><C:/Use
rs/barre/AppData/Local/Programs/MiKTeX/fonts/type1/public/amsfonts/cm/cmbx10.pf
b><C:/Users/barre/AppData/Local/Programs/MiKTeX/fonts/type1/public/amsfonts/cm/
cmbx12.pfb><C:/Users/barre/AppData/Local/Programs/MiKTeX/fonts/type1/public/ams
fonts/cm/cmcsc10.pfb><C:/Users/barre/AppData/Local/Programs/MiKTeX/fonts/type1/
public/amsfonts/cm/cmmi10.pfb><C:/Users/barre/AppData/Local/Programs/MiKTeX/fon
ts/type1/public/amsfonts/cm/cmr10.pfb><C:/Users/barre/AppData/Local/Programs/Mi
KTeX/fonts/type1/public/amsfonts/cm/cmr12.pfb><C:/Users/barre/AppData/Local/Pro
grams/MiKTeX/fonts/type1/public/amsfonts/cm/cmr7.pfb><C:/Users/barre/AppData/Lo
cal/Programs/MiKTeX/fonts/type1/public/amsfonts/cm/cmti10.pfb><C:/Users/barre/A
ppData/Local/Programs/MiKTeX/fonts/type1/public/amsfonts/cm/cmti12.pfb><C:/User
s/barre/AppData/Local/Programs/MiKTeX/fonts/type1/public/amsfonts/cm/cmtt10.pfb
>
Output written on 0_main.pdf (41 pages, 6439723 bytes).
PDF statistics:
 359 PDF objects out of 1000 (max. 8388607)
 88 named destinations out of 1000 (max. 500000)
 156 words of extra memory for PDF output out of 10000 (max. 10000000)

